  [1m[35m (5.3ms)[0m  [1m[35mCREATE TABLE "schema_migrations" ("version" varchar NOT NULL PRIMARY KEY)[0m
  [1m[35m (2.2ms)[0m  [1m[35mCREATE TABLE "ar_internal_metadata" ("key" varchar NOT NULL PRIMARY KEY, "value" varchar, "created_at" datetime NOT NULL, "updated_at" datetime NOT NULL)[0m
  [1m[36mActiveRecord::SchemaMigration Load (0.3ms)[0m  [1m[34mSELECT "schema_migrations".* FROM "schema_migrations"[0m
Migrating to CreateUsers (20160713205850)
  [1m[35m (0.1ms)[0m  [1m[36mbegin transaction[0m
  [1m[35m (0.4ms)[0m  [1m[35mCREATE TABLE "users" ("id" INTEGER PRIMARY KEY AUTOINCREMENT NOT NULL, "name" varchar, "password" varchar, "created_at" datetime NOT NULL, "updated_at" datetime NOT NULL)[0m
  [1m[35mSQL (0.2ms)[0m  [1m[32mINSERT INTO "schema_migrations" ("version") VALUES (?)[0m  [["version", "20160713205850"]]
  [1m[35m (2.2ms)[0m  [1m[36mcommit transaction[0m
  [1m[36mActiveRecord::InternalMetadata Load (0.2ms)[0m  [1m[34mSELECT  "ar_internal_metadata".* FROM "ar_internal_metadata" WHERE "ar_internal_metadata"."key" = ? LIMIT ?[0m  [["key", :environment], ["LIMIT", 1]]
  [1m[35m (0.1ms)[0m  [1m[36mbegin transaction[0m
  [1m[35mSQL (0.2ms)[0m  [1m[32mINSERT INTO "ar_internal_metadata" ("key", "value", "created_at", "updated_at") VALUES (?, ?, ?, ?)[0m  [["key", "environment"], ["value", "development"], ["created_at", 2016-07-13 20:59:54 UTC], ["updated_at", 2016-07-13 20:59:54 UTC]]
  [1m[35m (2.1ms)[0m  [1m[36mcommit transaction[0m
  [1m[36mActiveRecord::SchemaMigration Load (0.1ms)[0m  [1m[34mSELECT "schema_migrations".* FROM "schema_migrations"[0m
Started GET "/users/new" for ::1 at 2016-07-13 17:00:22 -0400
  [1m[36mActiveRecord::SchemaMigration Load (0.2ms)[0m  [1m[34mSELECT "schema_migrations".* FROM "schema_migrations"[0m
Processing by UsersController#new as HTML
  Rendering users/new.html.erb within layouts/application
  Rendered users/_form.html.erb (207.6ms)
  Rendered users/new.html.erb within layouts/application (212.1ms)
Completed 200 OK in 1245ms (Views: 1185.5ms | ActiveRecord: 0.9ms)


Started POST "/users" for ::1 at 2016-07-13 17:00:55 -0400
Processing by UsersController#create as HTML
  Parameters: {"utf8"=>"✓", "authenticity_token"=>"xapkhD3GLJF9HlrEo+ZGxDOJpkXL6WwRrqt7xoxJc+5EGIL6Ys34hmmTphekJrxRQ2F1rSp4kuydmhkzqIiS4A==", "user"=>{"name"=>"user", "password"=>"[FILTERED]"}, "commit"=>"Create User"}
  [1m[35m (0.1ms)[0m  [1m[36mbegin transaction[0m
  [1m[35mSQL (0.4ms)[0m  [1m[32mINSERT INTO "users" ("name", "password", "created_at", "updated_at") VALUES (?, ?, ?, ?)[0m  [["name", "user"], ["password", "12345"], ["created_at", 2016-07-13 21:00:55 UTC], ["updated_at", 2016-07-13 21:00:55 UTC]]
  [1m[35m (2.2ms)[0m  [1m[36mcommit transaction[0m
Redirected to http://localhost:3000/users/1
Completed 302 Found in 12ms (ActiveRecord: 2.7ms)


Started GET "/users/1" for ::1 at 2016-07-13 17:00:55 -0400
Processing by UsersController#show as HTML
  Parameters: {"id"=>"1"}
  [1m[36mUser Load (0.4ms)[0m  [1m[34mSELECT  "users".* FROM "users" WHERE "users"."id" = ? LIMIT ?[0m  [["id", 1], ["LIMIT", 1]]
  Rendering users/show.html.erb within layouts/application
  Rendered users/show.html.erb within layouts/application (0.9ms)
Completed 200 OK in 60ms (Views: 33.6ms | ActiveRecord: 0.4ms)


  [1m[36mUser Load (3.3ms)[0m  [1m[34mSELECT "users".* FROM "users"[0m
  [1m[36mActiveRecord::SchemaMigration Load (0.3ms)[0m  [1m[34mSELECT "schema_migrations".* FROM "schema_migrations"[0m
Migrating to CreateBoats (20160713210409)
  [1m[35m (0.1ms)[0m  [1m[36mbegin transaction[0m
  [1m[35m (0.4ms)[0m  [1m[35mCREATE TABLE "boats" ("id" INTEGER PRIMARY KEY AUTOINCREMENT NOT NULL, "name" varchar, "location" varchar, "user_id" integer, "created_at" datetime NOT NULL, "updated_at" datetime NOT NULL)[0m
  [1m[35mSQL (0.3ms)[0m  [1m[32mINSERT INTO "schema_migrations" ("version") VALUES (?)[0m  [["version", "20160713210409"]]
  [1m[35m (47.7ms)[0m  [1m[36mcommit transaction[0m
  [1m[36mActiveRecord::InternalMetadata Load (0.2ms)[0m  [1m[34mSELECT  "ar_internal_metadata".* FROM "ar_internal_metadata" WHERE "ar_internal_metadata"."key" = ? LIMIT ?[0m  [["key", :environment], ["LIMIT", 1]]
  [1m[35m (0.1ms)[0m  [1m[36mbegin transaction[0m
  [1m[35m (0.1ms)[0m  [1m[36mcommit transaction[0m
  [1m[36mActiveRecord::SchemaMigration Load (0.1ms)[0m  [1m[34mSELECT "schema_migrations".* FROM "schema_migrations"[0m
Started GET "/boats/new" for ::1 at 2016-07-13 17:06:40 -0400
  [1m[36mActiveRecord::SchemaMigration Load (0.1ms)[0m  [1m[34mSELECT "schema_migrations".* FROM "schema_migrations"[0m
  
ActiveRecord::PendingMigrationError (

Migrations are pending. To resolve this issue, run:

	bin/rails db:migrate RAILS_ENV=development

):
  
activerecord (5.0.0) lib/active_record/migration.rb:572:in `check_pending!'
activerecord (5.0.0) lib/active_record/migration.rb:548:in `call'
actionpack (5.0.0) lib/action_dispatch/middleware/callbacks.rb:38:in `block in call'
activesupport (5.0.0) lib/active_support/callbacks.rb:97:in `__run_callbacks__'
activesupport (5.0.0) lib/active_support/callbacks.rb:750:in `_run_call_callbacks'
activesupport (5.0.0) lib/active_support/callbacks.rb:90:in `run_callbacks'
actionpack (5.0.0) lib/action_dispatch/middleware/callbacks.rb:36:in `call'
actionpack (5.0.0) lib/action_dispatch/middleware/executor.rb:12:in `call'
actionpack (5.0.0) lib/action_dispatch/middleware/remote_ip.rb:79:in `call'
actionpack (5.0.0) lib/action_dispatch/middleware/debug_exceptions.rb:49:in `call'
web-console (3.3.1) lib/web_console/middleware.rb:131:in `call_app'
web-console (3.3.1) lib/web_console/middleware.rb:28:in `block in call'
web-console (3.3.1) lib/web_console/middleware.rb:18:in `catch'
web-console (3.3.1) lib/web_console/middleware.rb:18:in `call'
actionpack (5.0.0) lib/action_dispatch/middleware/show_exceptions.rb:31:in `call'
railties (5.0.0) lib/rails/rack/logger.rb:36:in `call_app'
railties (5.0.0) lib/rails/rack/logger.rb:24:in `block in call'
activesupport (5.0.0) lib/active_support/tagged_logging.rb:70:in `block in tagged'
activesupport (5.0.0) lib/active_support/tagged_logging.rb:26:in `tagged'
activesupport (5.0.0) lib/active_support/tagged_logging.rb:70:in `tagged'
railties (5.0.0) lib/rails/rack/logger.rb:24:in `call'
sprockets-rails (3.1.1) lib/sprockets/rails/quiet_assets.rb:13:in `call'
actionpack (5.0.0) lib/action_dispatch/middleware/request_id.rb:24:in `call'
rack (2.0.1) lib/rack/method_override.rb:22:in `call'
rack (2.0.1) lib/rack/runtime.rb:22:in `call'
activesupport (5.0.0) lib/active_support/cache/strategy/local_cache_middleware.rb:28:in `call'
actionpack (5.0.0) lib/action_dispatch/middleware/executor.rb:12:in `call'
actionpack (5.0.0) lib/action_dispatch/middleware/static.rb:136:in `call'
rack (2.0.1) lib/rack/sendfile.rb:111:in `call'
railties (5.0.0) lib/rails/engine.rb:522:in `call'
puma (3.4.0) lib/puma/configuration.rb:224:in `call'
puma (3.4.0) lib/puma/server.rb:569:in `handle_request'
puma (3.4.0) lib/puma/server.rb:406:in `process_client'
puma (3.4.0) lib/puma/server.rb:271:in `block in run'
puma (3.4.0) lib/puma/thread_pool.rb:114:in `block in spawn_thread'
  Rendering /Users/davissenmoorgan/.rvm/gems/ruby-2.3.0/gems/actionpack-5.0.0/lib/action_dispatch/middleware/templates/rescues/diagnostics.html.erb within rescues/layout
  Rendering /Users/davissenmoorgan/.rvm/gems/ruby-2.3.0/gems/actionpack-5.0.0/lib/action_dispatch/middleware/templates/rescues/_source.html.erb
  Rendered /Users/davissenmoorgan/.rvm/gems/ruby-2.3.0/gems/actionpack-5.0.0/lib/action_dispatch/middleware/templates/rescues/_source.html.erb (5.8ms)
  Rendering /Users/davissenmoorgan/.rvm/gems/ruby-2.3.0/gems/actionpack-5.0.0/lib/action_dispatch/middleware/templates/rescues/_trace.html.erb
  Rendered /Users/davissenmoorgan/.rvm/gems/ruby-2.3.0/gems/actionpack-5.0.0/lib/action_dispatch/middleware/templates/rescues/_trace.html.erb (1.4ms)
  Rendering /Users/davissenmoorgan/.rvm/gems/ruby-2.3.0/gems/actionpack-5.0.0/lib/action_dispatch/middleware/templates/rescues/_request_and_response.html.erb
  Rendered /Users/davissenmoorgan/.rvm/gems/ruby-2.3.0/gems/actionpack-5.0.0/lib/action_dispatch/middleware/templates/rescues/_request_and_response.html.erb (0.8ms)
  Rendered /Users/davissenmoorgan/.rvm/gems/ruby-2.3.0/gems/actionpack-5.0.0/lib/action_dispatch/middleware/templates/rescues/diagnostics.html.erb within rescues/layout (99.9ms)
  [1m[36mActiveRecord::SchemaMigration Load (0.2ms)[0m  [1m[34mSELECT "schema_migrations".* FROM "schema_migrations"[0m
Migrating to CreateJobs (20160713210625)
  [1m[35m (0.1ms)[0m  [1m[36mbegin transaction[0m
  [1m[35m (0.4ms)[0m  [1m[35mCREATE TABLE "jobs" ("id" INTEGER PRIMARY KEY AUTOINCREMENT NOT NULL, "name" varchar, "cost" integer, "cargo_description" text, "origin" varchar, "destination" varchar, "boat_id" integer, "created_at" datetime NOT NULL, "updated_at" datetime NOT NULL)[0m
  [1m[35mSQL (0.2ms)[0m  [1m[32mINSERT INTO "schema_migrations" ("version") VALUES (?)[0m  [["version", "20160713210625"]]
  [1m[35m (2.9ms)[0m  [1m[36mcommit transaction[0m
  [1m[36mActiveRecord::InternalMetadata Load (0.2ms)[0m  [1m[34mSELECT  "ar_internal_metadata".* FROM "ar_internal_metadata" WHERE "ar_internal_metadata"."key" = ? LIMIT ?[0m  [["key", :environment], ["LIMIT", 1]]
  [1m[35m (0.1ms)[0m  [1m[36mbegin transaction[0m
  [1m[35m (0.1ms)[0m  [1m[36mcommit transaction[0m
  [1m[36mActiveRecord::SchemaMigration Load (0.1ms)[0m  [1m[34mSELECT "schema_migrations".* FROM "schema_migrations"[0m
Started GET "/boats/new" for ::1 at 2016-07-13 17:07:02 -0400
  [1m[36mActiveRecord::SchemaMigration Load (0.2ms)[0m  [1m[34mSELECT "schema_migrations".* FROM "schema_migrations"[0m
Processing by BoatsController#new as HTML
  Rendering boats/new.html.erb within layouts/application
  Rendered boats/_form.html.erb (21.0ms)
  Rendered boats/new.html.erb within layouts/application (23.7ms)
Completed 200 OK in 193ms (Views: 175.8ms | ActiveRecord: 1.2ms)


Started POST "/boats" for ::1 at 2016-07-13 17:07:39 -0400
Processing by BoatsController#create as HTML
  Parameters: {"utf8"=>"✓", "authenticity_token"=>"O5LyQiO/G0IkkGClU+IUNzGWCqO579VB64B8sOLapde6IBQ8fLTPVTAdnHZUIu6iQX7ZS1h+K7zYsR5FxhtE2Q==", "boat"=>{"name"=>"boatie Mc boat", "location"=>"Mars", "user_id"=>"1"}, "commit"=>"Create Boat"}
  [1m[35m (0.1ms)[0m  [1m[36mbegin transaction[0m
  [1m[35mSQL (0.4ms)[0m  [1m[32mINSERT INTO "boats" ("name", "location", "user_id", "created_at", "updated_at") VALUES (?, ?, ?, ?, ?)[0m  [["name", "boatie Mc boat"], ["location", "Mars"], ["user_id", 1], ["created_at", 2016-07-13 21:07:39 UTC], ["updated_at", 2016-07-13 21:07:39 UTC]]
  [1m[35m (12.7ms)[0m  [1m[36mcommit transaction[0m
Redirected to http://localhost:3000/boats/1
Completed 302 Found in 17ms (ActiveRecord: 13.1ms)


Started GET "/boats/1" for ::1 at 2016-07-13 17:07:39 -0400
Processing by BoatsController#show as HTML
  Parameters: {"id"=>"1"}
  [1m[36mBoat Load (0.4ms)[0m  [1m[34mSELECT  "boats".* FROM "boats" WHERE "boats"."id" = ? LIMIT ?[0m  [["id", 1], ["LIMIT", 1]]
  Rendering boats/show.html.erb within layouts/application
  Rendered boats/show.html.erb within layouts/application (0.7ms)
Completed 200 OK in 39ms (Views: 34.4ms | ActiveRecord: 0.4ms)


  [1m[36mUser Load (0.2ms)[0m  [1m[34mSELECT  "users".* FROM "users" WHERE "users"."id" = ? LIMIT ?[0m  [["id", 1], ["LIMIT", 1]]
  [1m[36mUser Load (0.3ms)[0m  [1m[34mSELECT  "users".* FROM "users" WHERE "users"."id" = ? LIMIT ?[0m  [["id", 1], ["LIMIT", 1]]
  [1m[36mUser Load (0.3ms)[0m  [1m[34mSELECT  "users".* FROM "users" WHERE "users"."id" = ? LIMIT ?[0m  [["id", 1], ["LIMIT", 1]]
  [1m[36mUser Load (0.2ms)[0m  [1m[34mSELECT  "users".* FROM "users" WHERE "users"."id" = ? LIMIT ?[0m  [["id", 1], ["LIMIT", 1]]
  [1m[36mUser Load (0.3ms)[0m  [1m[34mSELECT  "users".* FROM "users" WHERE "users"."id" = ? LIMIT ?[0m  [["id", 1], ["LIMIT", 1]]
  [1m[36mBoat Load (0.2ms)[0m  [1m[34mSELECT  "boats".* FROM "boats" ORDER BY "boats"."id" DESC LIMIT ?[0m  [["LIMIT", 1]]
  [1m[36mUser Load (0.3ms)[0m  [1m[34mSELECT  "users".* FROM "users" WHERE "users"."id" = ? LIMIT ?[0m  [["id", 1], ["LIMIT", 1]]
  [1m[36mBoat Load (0.3ms)[0m  [1m[34mSELECT "boats".* FROM "boats" WHERE "boats"."user_id" = ?[0m  [["user_id", 1]]
Started GET "/boats" for ::1 at 2016-07-13 17:11:08 -0400
Processing by BoatsController#index as HTML
  Rendering boats/index.html.erb within layouts/application
  [1m[36mBoat Load (0.3ms)[0m  [1m[34mSELECT "boats".* FROM "boats"[0m
  Rendered boats/index.html.erb within layouts/application (7.5ms)
Completed 200 OK in 70ms (Views: 59.7ms | ActiveRecord: 0.9ms)


Started GET "/boats/1" for ::1 at 2016-07-13 17:11:14 -0400
Processing by BoatsController#show as HTML
  Parameters: {"id"=>"1"}
  [1m[36mBoat Load (0.2ms)[0m  [1m[34mSELECT  "boats".* FROM "boats" WHERE "boats"."id" = ? LIMIT ?[0m  [["id", 1], ["LIMIT", 1]]
  Rendering boats/show.html.erb within layouts/application
  Rendered boats/show.html.erb within layouts/application (1.1ms)
Completed 200 OK in 31ms (Views: 26.5ms | ActiveRecord: 0.2ms)


Started GET "/boats" for ::1 at 2016-07-13 17:11:16 -0400
Processing by BoatsController#index as HTML
  Rendering boats/index.html.erb within layouts/application
  [1m[36mBoat Load (0.2ms)[0m  [1m[34mSELECT "boats".* FROM "boats"[0m
  Rendered boats/index.html.erb within layouts/application (2.6ms)
Completed 200 OK in 31ms (Views: 28.1ms | ActiveRecord: 0.2ms)


Started GET "/boats/1" for ::1 at 2016-07-13 17:11:17 -0400
Processing by BoatsController#show as HTML
  Parameters: {"id"=>"1"}
  [1m[36mBoat Load (0.2ms)[0m  [1m[34mSELECT  "boats".* FROM "boats" WHERE "boats"."id" = ? LIMIT ?[0m  [["id", 1], ["LIMIT", 1]]
  Rendering boats/show.html.erb within layouts/application
  Rendered boats/show.html.erb within layouts/application (1.4ms)
Completed 200 OK in 45ms (Views: 41.8ms | ActiveRecord: 0.2ms)


Started GET "/boats" for ::1 at 2016-07-13 17:11:18 -0400
Processing by BoatsController#index as HTML
  Rendering boats/index.html.erb within layouts/application
  [1m[36mBoat Load (0.3ms)[0m  [1m[34mSELECT "boats".* FROM "boats"[0m
  Rendered boats/index.html.erb within layouts/application (2.5ms)
Completed 200 OK in 32ms (Views: 28.9ms | ActiveRecord: 0.3ms)


Started GET "/boats" for ::1 at 2016-07-13 17:13:16 -0400
Processing by BoatsController#index as HTML
  Rendering boats/index.html.erb within layouts/application
  [1m[36mBoat Load (0.3ms)[0m  [1m[34mSELECT "boats".* FROM "boats"[0m
  Rendered boats/index.html.erb within layouts/application (7.4ms)
Completed 200 OK in 35ms (Views: 29.1ms | ActiveRecord: 0.9ms)


Started GET "/boats/1" for ::1 at 2016-07-13 17:13:20 -0400
Processing by BoatsController#show as HTML
  Parameters: {"id"=>"1"}
  [1m[36mBoat Load (0.5ms)[0m  [1m[34mSELECT  "boats".* FROM "boats" WHERE "boats"."id" = ? LIMIT ?[0m  [["id", 1], ["LIMIT", 1]]
  Rendering boats/show.html.erb within layouts/application
  Rendered boats/show.html.erb within layouts/application (0.8ms)
Completed 200 OK in 33ms (Views: 28.6ms | ActiveRecord: 0.5ms)


Started GET "/boats/1" for ::1 at 2016-07-13 17:14:34 -0400
Processing by BoatsController#show as HTML
  Parameters: {"id"=>"1"}
  [1m[36mBoat Load (0.5ms)[0m  [1m[34mSELECT  "boats".* FROM "boats" WHERE "boats"."id" = ? LIMIT ?[0m  [["id", 1], ["LIMIT", 1]]
  Rendering boats/show.html.erb within layouts/application
  Rendered boats/show.html.erb within layouts/application (0.8ms)
Completed 200 OK in 28ms (Views: 24.6ms | ActiveRecord: 0.5ms)


Started GET "/boats/1" for ::1 at 2016-07-13 17:14:36 -0400
Processing by BoatsController#show as HTML
  Parameters: {"id"=>"1"}
  [1m[36mBoat Load (0.2ms)[0m  [1m[34mSELECT  "boats".* FROM "boats" WHERE "boats"."id" = ? LIMIT ?[0m  [["id", 1], ["LIMIT", 1]]
  Rendering boats/show.html.erb within layouts/application
  Rendered boats/show.html.erb within layouts/application (0.7ms)
Completed 200 OK in 27ms (Views: 24.0ms | ActiveRecord: 0.2ms)


Started GET "/boats" for ::1 at 2016-07-13 17:14:37 -0400
Processing by BoatsController#index as HTML
  Rendering boats/index.html.erb within layouts/application
  [1m[36mBoat Load (0.5ms)[0m  [1m[34mSELECT "boats".* FROM "boats"[0m
  Rendered boats/index.html.erb within layouts/application (3.3ms)
Completed 200 OK in 35ms (Views: 32.0ms | ActiveRecord: 0.5ms)


Started GET "/boats/1" for ::1 at 2016-07-13 17:14:38 -0400
Processing by BoatsController#show as HTML
  Parameters: {"id"=>"1"}
  [1m[36mBoat Load (0.2ms)[0m  [1m[34mSELECT  "boats".* FROM "boats" WHERE "boats"."id" = ? LIMIT ?[0m  [["id", 1], ["LIMIT", 1]]
  Rendering boats/show.html.erb within layouts/application
  Rendered boats/show.html.erb within layouts/application (1.1ms)
Completed 200 OK in 29ms (Views: 26.1ms | ActiveRecord: 0.2ms)


Started GET "/boats/1/edit" for ::1 at 2016-07-13 17:14:44 -0400
Processing by BoatsController#edit as HTML
  Parameters: {"id"=>"1"}
  [1m[36mBoat Load (0.3ms)[0m  [1m[34mSELECT  "boats".* FROM "boats" WHERE "boats"."id" = ? LIMIT ?[0m  [["id", 1], ["LIMIT", 1]]
  Rendering boats/edit.html.erb within layouts/application
  Rendered boats/_form.html.erb (2.5ms)
  Rendered boats/edit.html.erb within layouts/application (5.4ms)
Completed 200 OK in 37ms (Views: 32.2ms | ActiveRecord: 0.3ms)


Started GET "/users" for ::1 at 2016-07-13 17:14:51 -0400
Processing by UsersController#index as HTML
  Rendering users/index.html.erb within layouts/application
  [1m[36mUser Load (0.2ms)[0m  [1m[34mSELECT "users".* FROM "users"[0m
  Rendered users/index.html.erb within layouts/application (6.6ms)
Completed 200 OK in 40ms (Views: 31.8ms | ActiveRecord: 0.8ms)


Started GET "/users/1" for ::1 at 2016-07-13 17:14:53 -0400
Processing by UsersController#show as HTML
  Parameters: {"id"=>"1"}
  [1m[36mUser Load (0.2ms)[0m  [1m[34mSELECT  "users".* FROM "users" WHERE "users"."id" = ? LIMIT ?[0m  [["id", 1], ["LIMIT", 1]]
  [1m[36mCACHE (0.0ms)[0m  [1m[34mSELECT  "users".* FROM "users" WHERE "users"."id" = ? LIMIT ?[0m  [["id", 1], ["LIMIT", 1]]
  Rendering users/show.html.erb within layouts/application
  [1m[36mBoat Load (0.2ms)[0m  [1m[34mSELECT "boats".* FROM "boats" WHERE "boats"."user_id" = ?[0m  [["user_id", 1]]
  Rendered users/show.html.erb within layouts/application (101.3ms)
Completed 500 Internal Server Error in 122ms (ActiveRecord: 0.4ms)


  
ActionView::Template::Error (undefined local variable or method `boats' for #<#<Class:0x007fd984485b88>:0x007fd986f3ddf8>
Did you mean?  @boats):
    11: </p>
    12: 
    13: <% @boats.each do|b| %>
    14: 	<%= boats.name %>
    15: <% end %>
    16: 
    17: 
  
app/views/users/show.html.erb:14:in `block in _app_views_users_show_html_erb___1513002074102336650_70286124383300'
app/views/users/show.html.erb:13:in `_app_views_users_show_html_erb___1513002074102336650_70286124383300'
  Rendering /Users/davissenmoorgan/.rvm/gems/ruby-2.3.0/gems/actionpack-5.0.0/lib/action_dispatch/middleware/templates/rescues/template_error.html.erb within rescues/layout
  Rendering /Users/davissenmoorgan/.rvm/gems/ruby-2.3.0/gems/actionpack-5.0.0/lib/action_dispatch/middleware/templates/rescues/_source.html.erb
  Rendered /Users/davissenmoorgan/.rvm/gems/ruby-2.3.0/gems/actionpack-5.0.0/lib/action_dispatch/middleware/templates/rescues/_source.html.erb (5.7ms)
  Rendering /Users/davissenmoorgan/.rvm/gems/ruby-2.3.0/gems/actionpack-5.0.0/lib/action_dispatch/middleware/templates/rescues/_trace.html.erb
  Rendered /Users/davissenmoorgan/.rvm/gems/ruby-2.3.0/gems/actionpack-5.0.0/lib/action_dispatch/middleware/templates/rescues/_trace.html.erb (2.2ms)
  Rendering /Users/davissenmoorgan/.rvm/gems/ruby-2.3.0/gems/actionpack-5.0.0/lib/action_dispatch/middleware/templates/rescues/_request_and_response.html.erb
  Rendered /Users/davissenmoorgan/.rvm/gems/ruby-2.3.0/gems/actionpack-5.0.0/lib/action_dispatch/middleware/templates/rescues/_request_and_response.html.erb (1.1ms)
  Rendered /Users/davissenmoorgan/.rvm/gems/ruby-2.3.0/gems/actionpack-5.0.0/lib/action_dispatch/middleware/templates/rescues/template_error.html.erb within rescues/layout (79.5ms)
Started GET "/users/1" for ::1 at 2016-07-13 17:15:03 -0400
Processing by UsersController#show as HTML
  Parameters: {"id"=>"1"}
  [1m[36mUser Load (0.2ms)[0m  [1m[34mSELECT  "users".* FROM "users" WHERE "users"."id" = ? LIMIT ?[0m  [["id", 1], ["LIMIT", 1]]
  [1m[36mCACHE (0.0ms)[0m  [1m[34mSELECT  "users".* FROM "users" WHERE "users"."id" = ? LIMIT ?[0m  [["id", 1], ["LIMIT", 1]]
  Rendering users/show.html.erb within layouts/application
  [1m[36mBoat Load (0.3ms)[0m  [1m[34mSELECT "boats".* FROM "boats" WHERE "boats"."user_id" = ?[0m  [["user_id", 1]]
  Rendered users/show.html.erb within layouts/application (2.2ms)
Completed 200 OK in 37ms (Views: 32.1ms | ActiveRecord: 0.6ms)


